{"/Users/devbook/Projects/Side_Projects/maze_v2/src/App.js": {"path":"/Users/devbook/Projects/Side_Projects/maze_v2/src/App.js","statementMap":{"0":{"start":{"line":5,"column":12},"end":{"line":11,"column":1}},"1":{"start":{"line":6,"column":2},"end":{"line":10,"column":4}}},"fnMap":{"0":{"name":"(anonymous_0)","decl":{"start":{"line":5,"column":12},"end":{"line":5,"column":13}},"loc":{"start":{"line":5,"column":18},"end":{"line":11,"column":1}},"line":5}},"branchMap":{},"s":{"0":1,"1":0},"f":{"0":0},"b":{},"_coverageSchema":"43e27e138ebf9cfc5966b082cf9a028302ed4184","hash":"f570bdc8d6a75209a74eab830cc819d13c863096"}
,"/Users/devbook/Projects/Side_Projects/maze_v2/src/components/Button/Button.js": {"path":"/Users/devbook/Projects/Side_Projects/maze_v2/src/components/Button/Button.js","statementMap":{"0":{"start":{"line":4,"column":15},"end":{"line":14,"column":1}},"1":{"start":{"line":5,"column":2},"end":{"line":13,"column":4}}},"fnMap":{"0":{"name":"(anonymous_0)","decl":{"start":{"line":4,"column":15},"end":{"line":4,"column":16}},"loc":{"start":{"line":4,"column":26},"end":{"line":14,"column":1}},"line":4}},"branchMap":{},"s":{"0":1,"1":0},"f":{"0":0},"b":{},"_coverageSchema":"43e27e138ebf9cfc5966b082cf9a028302ed4184","hash":"3a57726cfecc728afdc487d7a24f906a11096e9e"}
,"/Users/devbook/Projects/Side_Projects/maze_v2/src/components/Counter/Counter.js": {"path":"/Users/devbook/Projects/Side_Projects/maze_v2/src/components/Counter/Counter.js","statementMap":{"0":{"start":{"line":4,"column":16},"end":{"line":19,"column":1}},"1":{"start":{"line":5,"column":2},"end":{"line":18,"column":4}}},"fnMap":{"0":{"name":"(anonymous_0)","decl":{"start":{"line":4,"column":16},"end":{"line":4,"column":17}},"loc":{"start":{"line":4,"column":27},"end":{"line":19,"column":1}},"line":4}},"branchMap":{"0":{"loc":{"start":{"line":13,"column":11},"end":{"line":13,"column":69}},"type":"cond-expr","locations":[{"start":{"line":13,"column":31},"end":{"line":13,"column":34}},{"start":{"line":13,"column":37},"end":{"line":13,"column":69}}],"line":13},"1":{"loc":{"start":{"line":14,"column":11},"end":{"line":14,"column":74}},"type":"cond-expr","locations":[{"start":{"line":14,"column":31},"end":{"line":14,"column":34}},{"start":{"line":14,"column":37},"end":{"line":14,"column":74}}],"line":14}},"s":{"0":2,"1":4},"f":{"0":4},"b":{"0":[3,1],"1":[3,1]},"_coverageSchema":"43e27e138ebf9cfc5966b082cf9a028302ed4184","hash":"bd789f2b9a460ff6042ab860d38198a0635af70f"}
,"/Users/devbook/Projects/Side_Projects/maze_v2/src/components/Error/Error.js": {"path":"/Users/devbook/Projects/Side_Projects/maze_v2/src/components/Error/Error.js","statementMap":{"0":{"start":{"line":4,"column":14},"end":{"line":15,"column":1}},"1":{"start":{"line":5,"column":2},"end":{"line":14,"column":4}}},"fnMap":{"0":{"name":"(anonymous_0)","decl":{"start":{"line":4,"column":14},"end":{"line":4,"column":15}},"loc":{"start":{"line":4,"column":20},"end":{"line":15,"column":1}},"line":4}},"branchMap":{},"s":{"0":1,"1":0},"f":{"0":0},"b":{},"_coverageSchema":"43e27e138ebf9cfc5966b082cf9a028302ed4184","hash":"9c0f8bf498f8f29e855e00fd546dd519ae1e05b8"}
,"/Users/devbook/Projects/Side_Projects/maze_v2/src/components/Grid/Grid.js": {"path":"/Users/devbook/Projects/Side_Projects/maze_v2/src/components/Grid/Grid.js","statementMap":{"0":{"start":{"line":5,"column":13},"end":{"line":33,"column":1}},"1":{"start":{"line":6,"column":2},"end":{"line":32,"column":4}},"2":{"start":{"line":9,"column":8},"end":{"line":29,"column":10}},"3":{"start":{"line":12,"column":70},"end":{"line":12,"column":74}},"4":{"start":{"line":13,"column":14},"end":{"line":26,"column":16}}},"fnMap":{"0":{"name":"(anonymous_0)","decl":{"start":{"line":5,"column":13},"end":{"line":5,"column":14}},"loc":{"start":{"line":5,"column":24},"end":{"line":33,"column":1}},"line":5},"1":{"name":"(anonymous_1)","decl":{"start":{"line":8,"column":22},"end":{"line":8,"column":23}},"loc":{"start":{"line":8,"column":41},"end":{"line":30,"column":7}},"line":8},"2":{"name":"(anonymous_2)","decl":{"start":{"line":11,"column":21},"end":{"line":11,"column":22}},"loc":{"start":{"line":11,"column":31},"end":{"line":27,"column":13}},"line":11}},"branchMap":{},"s":{"0":1,"1":0,"2":0,"3":0,"4":0},"f":{"0":0,"1":0,"2":0},"b":{},"_coverageSchema":"43e27e138ebf9cfc5966b082cf9a028302ed4184","hash":"461a86243e0e25654f240614b4ef88f522ff656e"}
,"/Users/devbook/Projects/Side_Projects/maze_v2/src/components/Grid/Node/Node.js": {"path":"/Users/devbook/Projects/Side_Projects/maze_v2/src/components/Grid/Node/Node.js","statementMap":{"0":{"start":{"line":4,"column":13},"end":{"line":56,"column":1}},"1":{"start":{"line":15,"column":6},"end":{"line":15,"column":11}},"2":{"start":{"line":18,"column":23},"end":{"line":46,"column":3}},"3":{"start":{"line":19,"column":20},"end":{"line":19,"column":27}},"4":{"start":{"line":21,"column":4},"end":{"line":28,"column":5}},"5":{"start":{"line":23,"column":8},"end":{"line":23,"column":35}},"6":{"start":{"line":24,"column":8},"end":{"line":24,"column":14}},"7":{"start":{"line":26,"column":8},"end":{"line":26,"column":36}},"8":{"start":{"line":27,"column":8},"end":{"line":27,"column":14}},"9":{"start":{"line":30,"column":4},"end":{"line":34,"column":5}},"10":{"start":{"line":31,"column":6},"end":{"line":31,"column":41}},"11":{"start":{"line":32,"column":11},"end":{"line":34,"column":5}},"12":{"start":{"line":33,"column":6},"end":{"line":33,"column":42}},"13":{"start":{"line":36,"column":4},"end":{"line":45,"column":5}},"14":{"start":{"line":38,"column":8},"end":{"line":38,"column":51}},"15":{"start":{"line":40,"column":8},"end":{"line":40,"column":45}},"16":{"start":{"line":42,"column":8},"end":{"line":42,"column":42}},"17":{"start":{"line":44,"column":8},"end":{"line":44,"column":43}},"18":{"start":{"line":48,"column":2},"end":{"line":55,"column":4}},"19":{"start":{"line":51,"column":25},"end":{"line":51,"column":50}},"20":{"start":{"line":52,"column":26},"end":{"line":52,"column":52}},"21":{"start":{"line":53,"column":23},"end":{"line":53,"column":46}}},"fnMap":{"0":{"name":"(anonymous_0)","decl":{"start":{"line":4,"column":13},"end":{"line":4,"column":14}},"loc":{"start":{"line":4,"column":24},"end":{"line":56,"column":1}},"line":4},"1":{"name":"(anonymous_1)","decl":{"start":{"line":18,"column":23},"end":{"line":18,"column":24}},"loc":{"start":{"line":18,"column":29},"end":{"line":46,"column":3}},"line":18},"2":{"name":"(anonymous_2)","decl":{"start":{"line":51,"column":19},"end":{"line":51,"column":20}},"loc":{"start":{"line":51,"column":25},"end":{"line":51,"column":50}},"line":51},"3":{"name":"(anonymous_3)","decl":{"start":{"line":52,"column":20},"end":{"line":52,"column":21}},"loc":{"start":{"line":52,"column":26},"end":{"line":52,"column":52}},"line":52},"4":{"name":"(anonymous_4)","decl":{"start":{"line":53,"column":17},"end":{"line":53,"column":18}},"loc":{"start":{"line":53,"column":23},"end":{"line":53,"column":46}},"line":53}},"branchMap":{"0":{"loc":{"start":{"line":21,"column":4},"end":{"line":28,"column":5}},"type":"switch","locations":[{"start":{"line":22,"column":6},"end":{"line":24,"column":14}},{"start":{"line":25,"column":6},"end":{"line":27,"column":14}}],"line":21},"1":{"loc":{"start":{"line":30,"column":4},"end":{"line":34,"column":5}},"type":"if","locations":[{"start":{"line":30,"column":4},"end":{"line":34,"column":5}},{"start":{"line":30,"column":4},"end":{"line":34,"column":5}}],"line":30},"2":{"loc":{"start":{"line":32,"column":11},"end":{"line":34,"column":5}},"type":"if","locations":[{"start":{"line":32,"column":11},"end":{"line":34,"column":5}},{"start":{"line":32,"column":11},"end":{"line":34,"column":5}}],"line":32},"3":{"loc":{"start":{"line":36,"column":4},"end":{"line":45,"column":5}},"type":"switch","locations":[{"start":{"line":37,"column":6},"end":{"line":38,"column":51}},{"start":{"line":39,"column":6},"end":{"line":40,"column":45}},{"start":{"line":41,"column":6},"end":{"line":42,"column":42}},{"start":{"line":43,"column":6},"end":{"line":44,"column":43}}],"line":36}},"s":{"0":1,"1":0,"2":0,"3":0,"4":0,"5":0,"6":0,"7":0,"8":0,"9":0,"10":0,"11":0,"12":0,"13":0,"14":0,"15":0,"16":0,"17":0,"18":0,"19":0,"20":0,"21":0},"f":{"0":0,"1":0,"2":0,"3":0,"4":0},"b":{"0":[0,0],"1":[0,0],"2":[0,0],"3":[0,0,0,0]},"_coverageSchema":"43e27e138ebf9cfc5966b082cf9a028302ed4184","hash":"34e202e432a25f046251832ed421529dd9fad664"}
,"/Users/devbook/Projects/Side_Projects/maze_v2/src/components/Title/Title.js": {"path":"/Users/devbook/Projects/Side_Projects/maze_v2/src/components/Title/Title.js","statementMap":{"0":{"start":{"line":4,"column":14},"end":{"line":6,"column":1}},"1":{"start":{"line":5,"column":2},"end":{"line":5,"column":64}}},"fnMap":{"0":{"name":"(anonymous_0)","decl":{"start":{"line":4,"column":14},"end":{"line":4,"column":15}},"loc":{"start":{"line":4,"column":20},"end":{"line":6,"column":1}},"line":4}},"branchMap":{},"s":{"0":1,"1":0},"f":{"0":0},"b":{},"_coverageSchema":"43e27e138ebf9cfc5966b082cf9a028302ed4184","hash":"8d2826d7e6d2cb4cb64b3cff3893823fef91ba1d"}
,"/Users/devbook/Projects/Side_Projects/maze_v2/src/containers/PathFindingVisualizer.js": {"path":"/Users/devbook/Projects/Side_Projects/maze_v2/src/containers/PathFindingVisualizer.js","statementMap":{"0":{"start":{"line":13,"column":8},"end":{"line":13,"column":25}},"1":{"start":{"line":15,"column":18},"end":{"line":15,"column":20}},"2":{"start":{"line":16,"column":18},"end":{"line":16,"column":20}},"3":{"start":{"line":18,"column":30},"end":{"line":195,"column":1}},"4":{"start":{"line":19,"column":26},"end":{"line":19,"column":38}},"5":{"start":{"line":20,"column":42},"end":{"line":20,"column":72}},"6":{"start":{"line":21,"column":44},"end":{"line":21,"column":74}},"7":{"start":{"line":22,"column":40},"end":{"line":22,"column":55}},"8":{"start":{"line":23,"column":38},"end":{"line":23,"column":52}},"9":{"start":{"line":24,"column":46},"end":{"line":24,"column":61}},"10":{"start":{"line":25,"column":34},"end":{"line":25,"column":79}},"11":{"start":{"line":26,"column":40},"end":{"line":26,"column":54}},"12":{"start":{"line":27,"column":56},"end":{"line":27,"column":68}},"13":{"start":{"line":28,"column":66},"end":{"line":28,"column":78}},"14":{"start":{"line":30,"column":27},"end":{"line":30,"column":43}},"15":{"start":{"line":31,"column":30},"end":{"line":31,"column":49}},"16":{"start":{"line":32,"column":33},"end":{"line":32,"column":55}},"17":{"start":{"line":33,"column":27},"end":{"line":33,"column":43}},"18":{"start":{"line":34,"column":27},"end":{"line":34,"column":43}},"19":{"start":{"line":36,"column":2},"end":{"line":45,"column":9}},"20":{"start":{"line":37,"column":24},"end":{"line":43,"column":5}},"21":{"start":{"line":44,"column":4},"end":{"line":44,"column":25}},"22":{"start":{"line":47,"column":2},"end":{"line":63,"column":54}},"23":{"start":{"line":48,"column":4},"end":{"line":48,"column":80}},"24":{"start":{"line":48,"column":73},"end":{"line":48,"column":80}},"25":{"start":{"line":49,"column":4},"end":{"line":52,"column":5}},"26":{"start":{"line":50,"column":6},"end":{"line":50,"column":27}},"27":{"start":{"line":51,"column":6},"end":{"line":51,"column":13}},"28":{"start":{"line":54,"column":4},"end":{"line":54,"column":24}},"29":{"start":{"line":55,"column":24},"end":{"line":55,"column":41}},"30":{"start":{"line":56,"column":25},"end":{"line":61,"column":5}},"31":{"start":{"line":57,"column":6},"end":{"line":57,"column":27}},"32":{"start":{"line":58,"column":6},"end":{"line":58,"column":69}},"33":{"start":{"line":59,"column":6},"end":{"line":59,"column":71}},"34":{"start":{"line":60,"column":6},"end":{"line":60,"column":28}},"35":{"start":{"line":62,"column":4},"end":{"line":62,"column":19}},"36":{"start":{"line":65,"column":26},"end":{"line":78,"column":3}},"37":{"start":{"line":66,"column":4},"end":{"line":66,"column":51}},"38":{"start":{"line":66,"column":44},"end":{"line":66,"column":51}},"39":{"start":{"line":67,"column":4},"end":{"line":70,"column":5}},"40":{"start":{"line":68,"column":6},"end":{"line":68,"column":33}},"41":{"start":{"line":69,"column":6},"end":{"line":69,"column":13}},"42":{"start":{"line":71,"column":4},"end":{"line":74,"column":5}},"43":{"start":{"line":72,"column":6},"end":{"line":72,"column":34}},"44":{"start":{"line":73,"column":6},"end":{"line":73,"column":13}},"45":{"start":{"line":75,"column":24},"end":{"line":75,"column":54}},"46":{"start":{"line":76,"column":4},"end":{"line":76,"column":28}},"47":{"start":{"line":77,"column":4},"end":{"line":77,"column":25}},"48":{"start":{"line":80,"column":27},"end":{"line":84,"column":3}},"49":{"start":{"line":81,"column":4},"end":{"line":81,"column":66}},"50":{"start":{"line":81,"column":59},"end":{"line":81,"column":66}},"51":{"start":{"line":82,"column":24},"end":{"line":82,"column":54}},"52":{"start":{"line":83,"column":4},"end":{"line":83,"column":25}},"53":{"start":{"line":86,"column":24},"end":{"line":98,"column":3}},"54":{"start":{"line":87,"column":4},"end":{"line":96,"column":5}},"55":{"start":{"line":88,"column":6},"end":{"line":94,"column":7}},"56":{"start":{"line":89,"column":8},"end":{"line":89,"column":48}},"57":{"start":{"line":90,"column":8},"end":{"line":90,"column":57}},"58":{"start":{"line":92,"column":8},"end":{"line":92,"column":49}},"59":{"start":{"line":93,"column":8},"end":{"line":93,"column":59}},"60":{"start":{"line":95,"column":6},"end":{"line":95,"column":55}},"61":{"start":{"line":97,"column":4},"end":{"line":97,"column":29}},"62":{"start":{"line":100,"column":29},"end":{"line":106,"column":3}},"63":{"start":{"line":101,"column":24},"end":{"line":101,"column":41}},"64":{"start":{"line":102,"column":22},"end":{"line":102,"column":69}},"65":{"start":{"line":103,"column":23},"end":{"line":103,"column":72}},"66":{"start":{"line":104,"column":4},"end":{"line":104,"column":73}},"67":{"start":{"line":105,"column":4},"end":{"line":105,"column":58}},"68":{"start":{"line":108,"column":28},"end":{"line":118,"column":3}},"69":{"start":{"line":109,"column":4},"end":{"line":109,"column":25}},"70":{"start":{"line":110,"column":24},"end":{"line":116,"column":5}},"71":{"start":{"line":117,"column":4},"end":{"line":117,"column":25}},"72":{"start":{"line":120,"column":29},"end":{"line":124,"column":3}},"73":{"start":{"line":121,"column":4},"end":{"line":121,"column":25}},"74":{"start":{"line":122,"column":24},"end":{"line":122,"column":71}},"75":{"start":{"line":123,"column":4},"end":{"line":123,"column":25}},"76":{"start":{"line":126,"column":28},"end":{"line":133,"column":3}},"77":{"start":{"line":127,"column":4},"end":{"line":127,"column":58}},"78":{"start":{"line":128,"column":24},"end":{"line":131,"column":6}},"79":{"start":{"line":132,"column":4},"end":{"line":132,"column":25}},"80":{"start":{"line":135,"column":26},"end":{"line":147,"column":3}},"81":{"start":{"line":136,"column":22},"end":{"line":141,"column":5}},"82":{"start":{"line":142,"column":4},"end":{"line":145,"column":7}},"83":{"start":{"line":146,"column":4},"end":{"line":146,"column":25}},"84":{"start":{"line":149,"column":18},"end":{"line":163,"column":3}},"85":{"start":{"line":150,"column":4},"end":{"line":150,"column":26}},"86":{"start":{"line":151,"column":12},"end":{"line":151,"column":13}},"87":{"start":{"line":152,"column":4},"end":{"line":162,"column":7}},"88":{"start":{"line":153,"column":25},"end":{"line":161,"column":15}},"89":{"start":{"line":154,"column":29},"end":{"line":154,"column":41}},"90":{"start":{"line":155,"column":8},"end":{"line":155,"column":42}},"91":{"start":{"line":156,"column":8},"end":{"line":156,"column":34}},"92":{"start":{"line":157,"column":8},"end":{"line":160,"column":9}},"93":{"start":{"line":158,"column":10},"end":{"line":158,"column":36}},"94":{"start":{"line":159,"column":10},"end":{"line":159,"column":20}},"95":{"start":{"line":165,"column":2},"end":{"line":194,"column":4}}},"fnMap":{"0":{"name":"(anonymous_0)","decl":{"start":{"line":18,"column":30},"end":{"line":18,"column":31}},"loc":{"start":{"line":18,"column":36},"end":{"line":195,"column":1}},"line":18},"1":{"name":"(anonymous_1)","decl":{"start":{"line":36,"column":12},"end":{"line":36,"column":13}},"loc":{"start":{"line":36,"column":18},"end":{"line":45,"column":3}},"line":36},"2":{"name":"(anonymous_2)","decl":{"start":{"line":47,"column":12},"end":{"line":47,"column":13}},"loc":{"start":{"line":47,"column":18},"end":{"line":63,"column":3}},"line":47},"3":{"name":"(anonymous_3)","decl":{"start":{"line":56,"column":25},"end":{"line":56,"column":26}},"loc":{"start":{"line":56,"column":37},"end":{"line":61,"column":5}},"line":56},"4":{"name":"(anonymous_4)","decl":{"start":{"line":65,"column":26},"end":{"line":65,"column":27}},"loc":{"start":{"line":65,"column":40},"end":{"line":78,"column":3}},"line":65},"5":{"name":"(anonymous_5)","decl":{"start":{"line":80,"column":27},"end":{"line":80,"column":28}},"loc":{"start":{"line":80,"column":41},"end":{"line":84,"column":3}},"line":80},"6":{"name":"(anonymous_6)","decl":{"start":{"line":86,"column":24},"end":{"line":86,"column":25}},"loc":{"start":{"line":86,"column":38},"end":{"line":98,"column":3}},"line":86},"7":{"name":"(anonymous_7)","decl":{"start":{"line":100,"column":29},"end":{"line":100,"column":30}},"loc":{"start":{"line":100,"column":41},"end":{"line":106,"column":3}},"line":100},"8":{"name":"(anonymous_8)","decl":{"start":{"line":108,"column":28},"end":{"line":108,"column":29}},"loc":{"start":{"line":108,"column":34},"end":{"line":118,"column":3}},"line":108},"9":{"name":"(anonymous_9)","decl":{"start":{"line":120,"column":29},"end":{"line":120,"column":30}},"loc":{"start":{"line":120,"column":35},"end":{"line":124,"column":3}},"line":120},"10":{"name":"(anonymous_10)","decl":{"start":{"line":126,"column":28},"end":{"line":126,"column":29}},"loc":{"start":{"line":126,"column":42},"end":{"line":133,"column":3}},"line":126},"11":{"name":"(anonymous_11)","decl":{"start":{"line":135,"column":26},"end":{"line":135,"column":27}},"loc":{"start":{"line":135,"column":62},"end":{"line":147,"column":3}},"line":135},"12":{"name":"(anonymous_12)","decl":{"start":{"line":149,"column":18},"end":{"line":149,"column":19}},"loc":{"start":{"line":149,"column":65},"end":{"line":163,"column":3}},"line":149},"13":{"name":"(anonymous_13)","decl":{"start":{"line":152,"column":29},"end":{"line":152,"column":30}},"loc":{"start":{"line":152,"column":42},"end":{"line":162,"column":5}},"line":152},"14":{"name":"(anonymous_14)","decl":{"start":{"line":153,"column":37},"end":{"line":153,"column":38}},"loc":{"start":{"line":153,"column":43},"end":{"line":161,"column":7}},"line":153}},"branchMap":{"0":{"loc":{"start":{"line":48,"column":4},"end":{"line":48,"column":80}},"type":"if","locations":[{"start":{"line":48,"column":4},"end":{"line":48,"column":80}},{"start":{"line":48,"column":4},"end":{"line":48,"column":80}}],"line":48},"1":{"loc":{"start":{"line":48,"column":8},"end":{"line":48,"column":71}},"type":"binary-expr","locations":[{"start":{"line":48,"column":8},"end":{"line":48,"column":35}},{"start":{"line":48,"column":39},"end":{"line":48,"column":71}}],"line":48},"2":{"loc":{"start":{"line":49,"column":4},"end":{"line":52,"column":5}},"type":"if","locations":[{"start":{"line":49,"column":4},"end":{"line":52,"column":5}},{"start":{"line":49,"column":4},"end":{"line":52,"column":5}}],"line":49},"3":{"loc":{"start":{"line":66,"column":4},"end":{"line":66,"column":51}},"type":"if","locations":[{"start":{"line":66,"column":4},"end":{"line":66,"column":51}},{"start":{"line":66,"column":4},"end":{"line":66,"column":51}}],"line":66},"4":{"loc":{"start":{"line":66,"column":8},"end":{"line":66,"column":42}},"type":"binary-expr","locations":[{"start":{"line":66,"column":8},"end":{"line":66,"column":19}},{"start":{"line":66,"column":23},"end":{"line":66,"column":42}}],"line":66},"5":{"loc":{"start":{"line":67,"column":4},"end":{"line":70,"column":5}},"type":"if","locations":[{"start":{"line":67,"column":4},"end":{"line":70,"column":5}},{"start":{"line":67,"column":4},"end":{"line":70,"column":5}}],"line":67},"6":{"loc":{"start":{"line":71,"column":4},"end":{"line":74,"column":5}},"type":"if","locations":[{"start":{"line":71,"column":4},"end":{"line":74,"column":5}},{"start":{"line":71,"column":4},"end":{"line":74,"column":5}}],"line":71},"7":{"loc":{"start":{"line":81,"column":4},"end":{"line":81,"column":66}},"type":"if","locations":[{"start":{"line":81,"column":4},"end":{"line":81,"column":66}},{"start":{"line":81,"column":4},"end":{"line":81,"column":66}}],"line":81},"8":{"loc":{"start":{"line":81,"column":8},"end":{"line":81,"column":57}},"type":"binary-expr","locations":[{"start":{"line":81,"column":8},"end":{"line":81,"column":38}},{"start":{"line":81,"column":42},"end":{"line":81,"column":57}}],"line":81},"9":{"loc":{"start":{"line":87,"column":4},"end":{"line":96,"column":5}},"type":"if","locations":[{"start":{"line":87,"column":4},"end":{"line":96,"column":5}},{"start":{"line":87,"column":4},"end":{"line":96,"column":5}}],"line":87},"10":{"loc":{"start":{"line":88,"column":6},"end":{"line":94,"column":7}},"type":"if","locations":[{"start":{"line":88,"column":6},"end":{"line":94,"column":7}},{"start":{"line":88,"column":6},"end":{"line":94,"column":7}}],"line":88},"11":{"loc":{"start":{"line":157,"column":8},"end":{"line":160,"column":9}},"type":"if","locations":[{"start":{"line":157,"column":8},"end":{"line":160,"column":9}},{"start":{"line":157,"column":8},"end":{"line":160,"column":9}}],"line":157},"12":{"loc":{"start":{"line":168,"column":7},"end":{"line":176,"column":7}},"type":"cond-expr","locations":[{"start":{"line":169,"column":8},"end":{"line":173,"column":10}},{"start":{"line":175,"column":8},"end":{"line":175,"column":17}}],"line":168}},"s":{"0":1,"1":1,"2":1,"3":1,"4":0,"5":0,"6":0,"7":0,"8":0,"9":0,"10":0,"11":0,"12":0,"13":0,"14":0,"15":0,"16":0,"17":0,"18":0,"19":0,"20":0,"21":0,"22":0,"23":0,"24":0,"25":0,"26":0,"27":0,"28":0,"29":0,"30":0,"31":0,"32":0,"33":0,"34":0,"35":0,"36":0,"37":0,"38":0,"39":0,"40":0,"41":0,"42":0,"43":0,"44":0,"45":0,"46":0,"47":0,"48":0,"49":0,"50":0,"51":0,"52":0,"53":0,"54":0,"55":0,"56":0,"57":0,"58":0,"59":0,"60":0,"61":0,"62":0,"63":0,"64":0,"65":0,"66":0,"67":0,"68":0,"69":0,"70":0,"71":0,"72":0,"73":0,"74":0,"75":0,"76":0,"77":0,"78":0,"79":0,"80":0,"81":0,"82":0,"83":0,"84":0,"85":0,"86":0,"87":0,"88":0,"89":0,"90":0,"91":0,"92":0,"93":0,"94":0,"95":0},"f":{"0":0,"1":0,"2":0,"3":0,"4":0,"5":0,"6":0,"7":0,"8":0,"9":0,"10":0,"11":0,"12":0,"13":0,"14":0},"b":{"0":[0,0],"1":[0,0],"2":[0,0],"3":[0,0],"4":[0,0],"5":[0,0],"6":[0,0],"7":[0,0],"8":[0,0],"9":[0,0],"10":[0,0],"11":[0,0],"12":[0,0]},"_coverageSchema":"43e27e138ebf9cfc5966b082cf9a028302ed4184","hash":"e7a87d2267e5621dce0a66ecb142238c1e89aaa1"}
,"/Users/devbook/Projects/Side_Projects/maze_v2/src/hooks/useClearVisitedNodes.js": {"path":"/Users/devbook/Projects/Side_Projects/maze_v2/src/hooks/useClearVisitedNodes.js","statementMap":{"0":{"start":{"line":1,"column":8},"end":{"line":1,"column":25}},"1":{"start":{"line":3,"column":36},"end":{"line":20,"column":1}},"2":{"start":{"line":4,"column":31},"end":{"line":18,"column":3}},"3":{"start":{"line":5,"column":4},"end":{"line":5,"column":38}},"4":{"start":{"line":5,"column":26},"end":{"line":5,"column":38}},"5":{"start":{"line":7,"column":24},"end":{"line":7,"column":41}},"6":{"start":{"line":8,"column":4},"end":{"line":16,"column":7}},"7":{"start":{"line":9,"column":27},"end":{"line":9,"column":31}},"8":{"start":{"line":10,"column":6},"end":{"line":15,"column":7}},"9":{"start":{"line":14,"column":8},"end":{"line":14,"column":40}},"10":{"start":{"line":17,"column":4},"end":{"line":17,"column":23}},"11":{"start":{"line":19,"column":2},"end":{"line":19,"column":32}}},"fnMap":{"0":{"name":"(anonymous_0)","decl":{"start":{"line":3,"column":36},"end":{"line":3,"column":37}},"loc":{"start":{"line":3,"column":42},"end":{"line":20,"column":1}},"line":3},"1":{"name":"(anonymous_1)","decl":{"start":{"line":4,"column":31},"end":{"line":4,"column":32}},"loc":{"start":{"line":4,"column":55},"end":{"line":18,"column":3}},"line":4},"2":{"name":"(anonymous_2)","decl":{"start":{"line":8,"column":25},"end":{"line":8,"column":26}},"loc":{"start":{"line":8,"column":35},"end":{"line":16,"column":5}},"line":8}},"branchMap":{"0":{"loc":{"start":{"line":5,"column":4},"end":{"line":5,"column":38}},"type":"if","locations":[{"start":{"line":5,"column":4},"end":{"line":5,"column":38}},{"start":{"line":5,"column":4},"end":{"line":5,"column":38}}],"line":5},"1":{"loc":{"start":{"line":10,"column":6},"end":{"line":15,"column":7}},"type":"if","locations":[{"start":{"line":10,"column":6},"end":{"line":15,"column":7}},{"start":{"line":10,"column":6},"end":{"line":15,"column":7}}],"line":10},"2":{"loc":{"start":{"line":11,"column":8},"end":{"line":12,"column":45}},"type":"binary-expr","locations":[{"start":{"line":11,"column":8},"end":{"line":11,"column":48}},{"start":{"line":12,"column":8},"end":{"line":12,"column":45}}],"line":11}},"s":{"0":1,"1":1,"2":0,"3":0,"4":0,"5":0,"6":0,"7":0,"8":0,"9":0,"10":0,"11":0},"f":{"0":0,"1":0,"2":0},"b":{"0":[0,0],"1":[0,0],"2":[0,0]},"_coverageSchema":"43e27e138ebf9cfc5966b082cf9a028302ed4184","hash":"44a60ea9f74acb7779c4a25debdce11184cfcfee"}
,"/Users/devbook/Projects/Side_Projects/maze_v2/src/hooks/useInitialGrid.js": {"path":"/Users/devbook/Projects/Side_Projects/maze_v2/src/hooks/useInitialGrid.js","statementMap":{"0":{"start":{"line":1,"column":30},"end":{"line":40,"column":1}},"1":{"start":{"line":2,"column":25},"end":{"line":20,"column":3}},"2":{"start":{"line":9,"column":23},"end":{"line":9,"column":25}},"3":{"start":{"line":10,"column":4},"end":{"line":18,"column":5}},"4":{"start":{"line":10,"column":19},"end":{"line":10,"column":20}},"5":{"start":{"line":11,"column":25},"end":{"line":11,"column":27}},"6":{"start":{"line":12,"column":6},"end":{"line":16,"column":7}},"7":{"start":{"line":12,"column":21},"end":{"line":12,"column":22}},"8":{"start":{"line":13,"column":8},"end":{"line":15,"column":10}},"9":{"start":{"line":17,"column":6},"end":{"line":17,"column":34}},"10":{"start":{"line":19,"column":4},"end":{"line":19,"column":22}},"11":{"start":{"line":22,"column":26},"end":{"line":37,"column":4}},"12":{"start":{"line":28,"column":8},"end":{"line":37,"column":3}},"13":{"start":{"line":39,"column":2},"end":{"line":39,"column":26}}},"fnMap":{"0":{"name":"(anonymous_0)","decl":{"start":{"line":1,"column":30},"end":{"line":1,"column":31}},"loc":{"start":{"line":1,"column":36},"end":{"line":40,"column":1}},"line":1},"1":{"name":"(anonymous_1)","decl":{"start":{"line":2,"column":25},"end":{"line":2,"column":26}},"loc":{"start":{"line":8,"column":7},"end":{"line":20,"column":3}},"line":8},"2":{"name":"(anonymous_2)","decl":{"start":{"line":22,"column":26},"end":{"line":22,"column":27}},"loc":{"start":{"line":28,"column":8},"end":{"line":37,"column":3}},"line":28}},"branchMap":{"0":{"loc":{"start":{"line":31,"column":13},"end":{"line":31,"column":65}},"type":"binary-expr","locations":[{"start":{"line":31,"column":13},"end":{"line":31,"column":37}},{"start":{"line":31,"column":41},"end":{"line":31,"column":65}}],"line":31},"1":{"loc":{"start":{"line":32,"column":14},"end":{"line":32,"column":68}},"type":"binary-expr","locations":[{"start":{"line":32,"column":14},"end":{"line":32,"column":39}},{"start":{"line":32,"column":43},"end":{"line":32,"column":68}}],"line":32}},"s":{"0":1,"1":0,"2":0,"3":0,"4":0,"5":0,"6":0,"7":0,"8":0,"9":0,"10":0,"11":0,"12":0,"13":0},"f":{"0":0,"1":0,"2":0},"b":{"0":[0,0],"1":[0,0]},"_coverageSchema":"43e27e138ebf9cfc5966b082cf9a028302ed4184","hash":"2733ceabde68193a71189eca0046aeeec4d78957"}
,"/Users/devbook/Projects/Side_Projects/maze_v2/src/hooks/useNewStartFinish.js": {"path":"/Users/devbook/Projects/Side_Projects/maze_v2/src/hooks/useNewStartFinish.js","statementMap":{"0":{"start":{"line":1,"column":8},"end":{"line":1,"column":25}},"1":{"start":{"line":3,"column":33},"end":{"line":17,"column":1}},"2":{"start":{"line":4,"column":28},"end":{"line":15,"column":3}},"3":{"start":{"line":5,"column":4},"end":{"line":6,"column":13}},"4":{"start":{"line":6,"column":6},"end":{"line":6,"column":13}},"5":{"start":{"line":7,"column":25},"end":{"line":7,"column":32}},"6":{"start":{"line":8,"column":31},"end":{"line":8,"column":41}},"7":{"start":{"line":9,"column":24},"end":{"line":9,"column":41}},"8":{"start":{"line":10,"column":4},"end":{"line":10,"column":44}},"9":{"start":{"line":11,"column":4},"end":{"line":11,"column":49}},"10":{"start":{"line":12,"column":4},"end":{"line":12,"column":36}},"11":{"start":{"line":13,"column":4},"end":{"line":13,"column":42}},"12":{"start":{"line":14,"column":4},"end":{"line":14,"column":23}},"13":{"start":{"line":16,"column":2},"end":{"line":16,"column":29}}},"fnMap":{"0":{"name":"(anonymous_0)","decl":{"start":{"line":3,"column":33},"end":{"line":3,"column":34}},"loc":{"start":{"line":3,"column":39},"end":{"line":17,"column":1}},"line":3},"1":{"name":"(anonymous_1)","decl":{"start":{"line":4,"column":28},"end":{"line":4,"column":29}},"loc":{"start":{"line":4,"column":69},"end":{"line":15,"column":3}},"line":4}},"branchMap":{"0":{"loc":{"start":{"line":5,"column":4},"end":{"line":6,"column":13}},"type":"if","locations":[{"start":{"line":5,"column":4},"end":{"line":6,"column":13}},{"start":{"line":5,"column":4},"end":{"line":6,"column":13}}],"line":5},"1":{"loc":{"start":{"line":5,"column":8},"end":{"line":5,"column":72}},"type":"binary-expr","locations":[{"start":{"line":5,"column":8},"end":{"line":5,"column":38}},{"start":{"line":5,"column":42},"end":{"line":5,"column":72}}],"line":5}},"s":{"0":1,"1":1,"2":0,"3":0,"4":0,"5":0,"6":0,"7":0,"8":0,"9":0,"10":0,"11":0,"12":0,"13":0},"f":{"0":0,"1":0},"b":{"0":[0,0],"1":[0,0]},"_coverageSchema":"43e27e138ebf9cfc5966b082cf9a028302ed4184","hash":"5c027d973b076e1ee9b0425c9fe281bdb4f448a4"}
,"/Users/devbook/Projects/Side_Projects/maze_v2/src/hooks/useSetDragNode.js": {"path":"/Users/devbook/Projects/Side_Projects/maze_v2/src/hooks/useSetDragNode.js","statementMap":{"0":{"start":{"line":1,"column":30},"end":{"line":12,"column":1}},"1":{"start":{"line":2,"column":25},"end":{"line":9,"column":3}},"2":{"start":{"line":3,"column":4},"end":{"line":8,"column":7}},"3":{"start":{"line":4,"column":6},"end":{"line":7,"column":9}},"4":{"start":{"line":5,"column":8},"end":{"line":5,"column":40}},"5":{"start":{"line":6,"column":8},"end":{"line":6,"column":20}},"6":{"start":{"line":11,"column":2},"end":{"line":11,"column":26}}},"fnMap":{"0":{"name":"(anonymous_0)","decl":{"start":{"line":1,"column":30},"end":{"line":1,"column":31}},"loc":{"start":{"line":1,"column":36},"end":{"line":12,"column":1}},"line":1},"1":{"name":"(anonymous_1)","decl":{"start":{"line":2,"column":25},"end":{"line":2,"column":26}},"loc":{"start":{"line":2,"column":52},"end":{"line":9,"column":3}},"line":2},"2":{"name":"(anonymous_2)","decl":{"start":{"line":3,"column":20},"end":{"line":3,"column":21}},"loc":{"start":{"line":3,"column":29},"end":{"line":8,"column":5}},"line":3},"3":{"name":"(anonymous_3)","decl":{"start":{"line":4,"column":21},"end":{"line":4,"column":22}},"loc":{"start":{"line":4,"column":31},"end":{"line":7,"column":7}},"line":4}},"branchMap":{},"s":{"0":1,"1":0,"2":0,"3":0,"4":0,"5":0,"6":0},"f":{"0":0,"1":0,"2":0,"3":0},"b":{},"_coverageSchema":"43e27e138ebf9cfc5966b082cf9a028302ed4184","hash":"a4caf07d7212b61fe00b209695c5aa147b7cdcc8"}
,"/Users/devbook/Projects/Side_Projects/maze_v2/src/hooks/useSetWallNode.js": {"path":"/Users/devbook/Projects/Side_Projects/maze_v2/src/hooks/useSetWallNode.js","statementMap":{"0":{"start":{"line":1,"column":8},"end":{"line":1,"column":25}},"1":{"start":{"line":3,"column":30},"end":{"line":14,"column":1}},"2":{"start":{"line":4,"column":25},"end":{"line":12,"column":3}},"3":{"start":{"line":5,"column":24},"end":{"line":5,"column":41}},"4":{"start":{"line":6,"column":17},"end":{"line":6,"column":38}},"5":{"start":{"line":7,"column":4},"end":{"line":10,"column":5}},"6":{"start":{"line":8,"column":6},"end":{"line":8,"column":53}},"7":{"start":{"line":9,"column":6},"end":{"line":9,"column":35}},"8":{"start":{"line":11,"column":4},"end":{"line":11,"column":23}},"9":{"start":{"line":13,"column":2},"end":{"line":13,"column":26}}},"fnMap":{"0":{"name":"(anonymous_0)","decl":{"start":{"line":3,"column":30},"end":{"line":3,"column":31}},"loc":{"start":{"line":3,"column":36},"end":{"line":14,"column":1}},"line":3},"1":{"name":"(anonymous_1)","decl":{"start":{"line":4,"column":25},"end":{"line":4,"column":26}},"loc":{"start":{"line":4,"column":45},"end":{"line":12,"column":3}},"line":4}},"branchMap":{"0":{"loc":{"start":{"line":7,"column":4},"end":{"line":10,"column":5}},"type":"if","locations":[{"start":{"line":7,"column":4},"end":{"line":10,"column":5}},{"start":{"line":7,"column":4},"end":{"line":10,"column":5}}],"line":7},"1":{"loc":{"start":{"line":8,"column":18},"end":{"line":8,"column":52}},"type":"cond-expr","locations":[{"start":{"line":8,"column":41},"end":{"line":8,"column":43}},{"start":{"line":8,"column":46},"end":{"line":8,"column":52}}],"line":8}},"s":{"0":1,"1":1,"2":0,"3":0,"4":0,"5":0,"6":0,"7":0,"8":0,"9":0},"f":{"0":0,"1":0},"b":{"0":[0,0],"1":[0,0]},"_coverageSchema":"43e27e138ebf9cfc5966b082cf9a028302ed4184","hash":"b3a4badbd7fe87ad49d2014ff1dd621092b10e8a"}
,"/Users/devbook/Projects/Side_Projects/maze_v2/src/models/algorithms/dijkstra.js": {"path":"/Users/devbook/Projects/Side_Projects/maze_v2/src/models/algorithms/dijkstra.js","statementMap":{"0":{"start":{"line":2,"column":30},"end":{"line":2,"column":32}},"1":{"start":{"line":3,"column":2},"end":{"line":3,"column":25}},"2":{"start":{"line":4,"column":25},"end":{"line":4,"column":42}},"3":{"start":{"line":6,"column":2},"end":{"line":17,"column":3}},"4":{"start":{"line":7,"column":4},"end":{"line":7,"column":40}},"5":{"start":{"line":8,"column":24},"end":{"line":8,"column":46}},"6":{"start":{"line":9,"column":4},"end":{"line":9,"column":46}},"7":{"start":{"line":9,"column":37},"end":{"line":9,"column":46}},"8":{"start":{"line":11,"column":4},"end":{"line":11,"column":58}},"9":{"start":{"line":11,"column":43},"end":{"line":11,"column":58}},"10":{"start":{"line":13,"column":4},"end":{"line":13,"column":33}},"11":{"start":{"line":14,"column":4},"end":{"line":14,"column":42}},"12":{"start":{"line":15,"column":4},"end":{"line":15,"column":63}},"13":{"start":{"line":15,"column":36},"end":{"line":15,"column":63}},"14":{"start":{"line":16,"column":4},"end":{"line":16,"column":49}},"15":{"start":{"line":21,"column":2},"end":{"line":21,"column":52}},"16":{"start":{"line":21,"column":35},"end":{"line":21,"column":50}},"17":{"start":{"line":25,"column":2},"end":{"line":25,"column":73}},"18":{"start":{"line":25,"column":40},"end":{"line":25,"column":71}},"19":{"start":{"line":29,"column":30},"end":{"line":29,"column":64}},"20":{"start":{"line":30,"column":2},"end":{"line":33,"column":5}},"21":{"start":{"line":31,"column":4},"end":{"line":31,"column":43}},"22":{"start":{"line":32,"column":4},"end":{"line":32,"column":34}},"23":{"start":{"line":37,"column":21},"end":{"line":37,"column":23}},"24":{"start":{"line":38,"column":23},"end":{"line":38,"column":27}},"25":{"start":{"line":39,"column":2},"end":{"line":39,"column":51}},"26":{"start":{"line":39,"column":15},"end":{"line":39,"column":51}},"27":{"start":{"line":40,"column":2},"end":{"line":40,"column":65}},"28":{"start":{"line":40,"column":29},"end":{"line":40,"column":65}},"29":{"start":{"line":41,"column":2},"end":{"line":41,"column":51}},"30":{"start":{"line":41,"column":15},"end":{"line":41,"column":51}},"31":{"start":{"line":42,"column":2},"end":{"line":42,"column":68}},"32":{"start":{"line":42,"column":32},"end":{"line":42,"column":68}},"33":{"start":{"line":43,"column":2},"end":{"line":43,"column":72}},"34":{"start":{"line":43,"column":42},"end":{"line":43,"column":70}},"35":{"start":{"line":47,"column":28},"end":{"line":47,"column":30}},"36":{"start":{"line":48,"column":20},"end":{"line":48,"column":30}},"37":{"start":{"line":49,"column":2},"end":{"line":52,"column":3}},"38":{"start":{"line":50,"column":4},"end":{"line":50,"column":43}},"39":{"start":{"line":51,"column":4},"end":{"line":51,"column":43}},"40":{"start":{"line":53,"column":2},"end":{"line":53,"column":27}}},"fnMap":{"0":{"name":"dijkstra","decl":{"start":{"line":1,"column":16},"end":{"line":1,"column":24}},"loc":{"start":{"line":1,"column":54},"end":{"line":18,"column":1}},"line":1},"1":{"name":"getAllNodes","decl":{"start":{"line":20,"column":9},"end":{"line":20,"column":20}},"loc":{"start":{"line":20,"column":27},"end":{"line":22,"column":1}},"line":20},"2":{"name":"(anonymous_2)","decl":{"start":{"line":21,"column":21},"end":{"line":21,"column":22}},"loc":{"start":{"line":21,"column":35},"end":{"line":21,"column":50}},"line":21},"3":{"name":"sortNodesByDistance","decl":{"start":{"line":24,"column":9},"end":{"line":24,"column":28}},"loc":{"start":{"line":24,"column":45},"end":{"line":26,"column":1}},"line":24},"4":{"name":"(anonymous_4)","decl":{"start":{"line":25,"column":22},"end":{"line":25,"column":23}},"loc":{"start":{"line":25,"column":40},"end":{"line":25,"column":71}},"line":25},"5":{"name":"updateUnvisitedNeighbours","decl":{"start":{"line":28,"column":9},"end":{"line":28,"column":34}},"loc":{"start":{"line":28,"column":47},"end":{"line":34,"column":1}},"line":28},"6":{"name":"(anonymous_6)","decl":{"start":{"line":30,"column":30},"end":{"line":30,"column":31}},"loc":{"start":{"line":30,"column":45},"end":{"line":33,"column":3}},"line":30},"7":{"name":"getUnvisitedNeighbours","decl":{"start":{"line":36,"column":9},"end":{"line":36,"column":31}},"loc":{"start":{"line":36,"column":44},"end":{"line":44,"column":1}},"line":36},"8":{"name":"(anonymous_8)","decl":{"start":{"line":43,"column":27},"end":{"line":43,"column":28}},"loc":{"start":{"line":43,"column":42},"end":{"line":43,"column":70}},"line":43},"9":{"name":"shortestPath","decl":{"start":{"line":46,"column":16},"end":{"line":46,"column":28}},"loc":{"start":{"line":46,"column":41},"end":{"line":54,"column":1}},"line":46}},"branchMap":{"0":{"loc":{"start":{"line":9,"column":4},"end":{"line":9,"column":46}},"type":"if","locations":[{"start":{"line":9,"column":4},"end":{"line":9,"column":46}},{"start":{"line":9,"column":4},"end":{"line":9,"column":46}}],"line":9},"1":{"loc":{"start":{"line":11,"column":4},"end":{"line":11,"column":58}},"type":"if","locations":[{"start":{"line":11,"column":4},"end":{"line":11,"column":58}},{"start":{"line":11,"column":4},"end":{"line":11,"column":58}}],"line":11},"2":{"loc":{"start":{"line":15,"column":4},"end":{"line":15,"column":63}},"type":"if","locations":[{"start":{"line":15,"column":4},"end":{"line":15,"column":63}},{"start":{"line":15,"column":4},"end":{"line":15,"column":63}}],"line":15},"3":{"loc":{"start":{"line":39,"column":2},"end":{"line":39,"column":51}},"type":"if","locations":[{"start":{"line":39,"column":2},"end":{"line":39,"column":51}},{"start":{"line":39,"column":2},"end":{"line":39,"column":51}}],"line":39},"4":{"loc":{"start":{"line":40,"column":2},"end":{"line":40,"column":65}},"type":"if","locations":[{"start":{"line":40,"column":2},"end":{"line":40,"column":65}},{"start":{"line":40,"column":2},"end":{"line":40,"column":65}}],"line":40},"5":{"loc":{"start":{"line":41,"column":2},"end":{"line":41,"column":51}},"type":"if","locations":[{"start":{"line":41,"column":2},"end":{"line":41,"column":51}},{"start":{"line":41,"column":2},"end":{"line":41,"column":51}}],"line":41},"6":{"loc":{"start":{"line":42,"column":2},"end":{"line":42,"column":68}},"type":"if","locations":[{"start":{"line":42,"column":2},"end":{"line":42,"column":68}},{"start":{"line":42,"column":2},"end":{"line":42,"column":68}}],"line":42}},"s":{"0":0,"1":0,"2":0,"3":0,"4":0,"5":0,"6":0,"7":0,"8":0,"9":0,"10":0,"11":0,"12":0,"13":0,"14":0,"15":0,"16":0,"17":0,"18":0,"19":0,"20":0,"21":0,"22":0,"23":0,"24":0,"25":0,"26":0,"27":0,"28":0,"29":0,"30":0,"31":0,"32":0,"33":0,"34":0,"35":0,"36":0,"37":0,"38":0,"39":0,"40":0},"f":{"0":0,"1":0,"2":0,"3":0,"4":0,"5":0,"6":0,"7":0,"8":0,"9":0},"b":{"0":[0,0],"1":[0,0],"2":[0,0],"3":[0,0],"4":[0,0],"5":[0,0],"6":[0,0]},"_coverageSchema":"43e27e138ebf9cfc5966b082cf9a028302ed4184","hash":"0c6b8d8fcb07103c477e76ed41fec57a462420ee"}
}
